
  ___  ____  ____  ____  ____ (R)
 /__    /   ____/   /   ____/
___/   /   /___/   /   /___/   16.0   Copyright 1985-2019 StataCorp LLC
  Statistics/Data Analysis            StataCorp
                                      4905 Lakeway Drive
     Special Edition                  College Station, Texas 77845 USA
                                      800-STATA-PC        http://www.stata.com
                                      979-696-4600        stata@stata.com
                                      979-696-4601 (fax)

87-user Stata network perpetual license:
       Serial number:  501609214310
         Licensed to:  Federal Reserve Board
                       Washington, DC

Notes:
      1.  Stata is running in batch mode.
      2.  Unicode is supported; see help unicode_advice.
      3.  Maximum number of variables is set to 5000; see help set_maxvar.


running /apps/stata/16.0/sysprofile.do ...

. do CHNS-Master 

. *****************************************************************************
> **********************************
. * THIS IS THE MASTER FILE.
. * CHNS 1989 - 2009
. * STATA/SE 14.0
. *****************************************************************************
> **********************************
. clear

. clear matrix

. clear mata

. set mem 500m
set memory ignored.
    Memory no longer needs to be set in modern Statas; memory adjustments are
    performed on the fly automatically.

. set maxvar 32760


. set more off

. 
. *****************************************************************
. * INSERT THE DIRECTORY PATH HERE
.         global mypath "G:\Edmund"

.         *global mypath  "G:\Edmund\time-aggregation\Papers\ThePriceOfGrowth\d
> ata\Codes_PoG\"
.         *"C:\Users\raul\Dropbox\CIW China - PoG\Data and Codes\Codes_PoG\"
.    *global mypath       "C:\Users\yuzheng\Documents\Codes_POG\"
.         
.         global mymatlab "C:\rsma\MATLAB\R2019a\bin\matlab.exe" 

. ******************************************************************
. 
.  cd "$mypath"
unable to change to G:\Edmund
r(170);

end of do-file
r(170);
