This is pdfTeX, Version 3.14159265-2.6-1.40.15 (TeX Live 2014/W32TeX) (preloaded format=pdflatex 2020.3.10)  28 JUL 2020 13:51
entering extended mode
 restricted \write18 enabled.
 %&-line parsing enabled.
**table4_template.tex
(./table4_template.tex
LaTeX2e <2014/05/01>
Babel <3.9k> and hyphenation patterns for 78 languages loaded.
(c:/Program Files (x86)/texlive/2014/texmf-dist/tex/latex/base/letter.cls
Document Class: letter 1999/04/29 v1.2z Standard LaTeX document class
(c:/Program Files (x86)/texlive/2014/texmf-dist/tex/latex/base/size11.clo
File: size11.clo 2007/10/19 v1.4h Standard LaTeX file (size option)
)
\longindentation=\dimen102
\indentedwidth=\dimen103
\labelcount=\count79
)
(c:/Program Files (x86)/texlive/2014/texmf-dist/tex/latex/booktabs/booktabs.sty
Package: booktabs 2005/04/14 v1.61803 publication quality tables
\heavyrulewidth=\dimen104
\lightrulewidth=\dimen105
\cmidrulewidth=\dimen106
\belowrulesep=\dimen107
\belowbottomsep=\dimen108
\aboverulesep=\dimen109
\abovetopsep=\dimen110
\cmidrulesep=\dimen111
\cmidrulekern=\dimen112
\defaultaddspace=\dimen113
\@cmidla=\count80
\@cmidlb=\count81
\@aboverulesep=\dimen114
\@belowrulesep=\dimen115
\@thisruleclass=\count82
\@lastruleclass=\count83
\@thisrulewidth=\dimen116
)
(c:/Program Files (x86)/texlive/2014/texmf-dist/tex/latex/adjustbox/adjustbox.s
ty
Package: adjustbox 2012/05/21 v1.0 Adjusting TeX boxes (trim, clip, ...)

(c:/Program Files (x86)/texlive/2014/texmf-dist/tex/latex/xkeyval/xkeyval.sty
Package: xkeyval 2014/05/09 v2.6d package option processing (HA)

(c:/Program Files (x86)/texlive/2014/texmf-dist/tex/generic/xkeyval/xkeyval.tex
\XKV@toks=\toks14
\XKV@tempa@toks=\toks15
\XKV@depth=\count84
File: xkeyval.tex 2014/05/09 v2.6d key=value parser (HA)
(c:/Program Files (x86)/texlive/2014/texmf-dist/tex/generic/xkeyval/keyval.tex)
))
(c:/Program Files (x86)/texlive/2014/texmf-dist/tex/latex/adjustbox/adjcalc.sty
Package: adjcalc 2012/05/16 v1.1 Provides advanced setlength with multiple back
-ends (calc, etex, pgfmath)
)
(c:/Program Files (x86)/texlive/2014/texmf-dist/tex/latex/adjustbox/trimclip.st
y
Package: trimclip 2012/05/16 v1.0 Trim and clip general TeX material

(c:/Program Files (x86)/texlive/2014/texmf-dist/tex/latex/graphics/graphicx.sty
Package: graphicx 2014/04/25 v1.0g Enhanced LaTeX Graphics (DPC,SPQR)

(c:/Program Files (x86)/texlive/2014/texmf-dist/tex/latex/graphics/graphics.sty
Package: graphics 2009/02/05 v1.0o Standard LaTeX Graphics (DPC,SPQR)
(c:/Program Files (x86)/texlive/2014/texmf-dist/tex/latex/graphics/trig.sty
Package: trig 1999/03/16 v1.09 sin cos tan (DPC)
)
(c:/Program Files (x86)/texlive/2014/texmf-dist/tex/latex/latexconfig/graphics.
cfg
File: graphics.cfg 2010/04/23 v1.9 graphics configuration of TeX Live
)
Package graphics Info: Driver file: pdftex.def on input line 91.

(c:/Program Files (x86)/texlive/2014/texmf-dist/tex/latex/pdftex-def/pdftex.def
File: pdftex.def 2011/05/27 v0.06d Graphics/color for pdfTeX

(c:/Program Files (x86)/texlive/2014/texmf-dist/tex/generic/oberdiek/infwarerr.
sty
Package: infwarerr 2010/04/08 v1.3 Providing info/warning/error messages (HO)
)
(c:/Program Files (x86)/texlive/2014/texmf-dist/tex/generic/oberdiek/ltxcmds.st
y
Package: ltxcmds 2011/11/09 v1.22 LaTeX kernel commands for general use (HO)
)
\Gread@gobject=\count85
))
\Gin@req@height=\dimen117
\Gin@req@width=\dimen118
)
(c:/Program Files (x86)/texlive/2014/texmf-dist/tex/latex/collectbox/collectbox
.sty
Package: collectbox 2012/05/17 v0.4b Collect macro arguments as boxes
\collectedbox=\box26
)
\tc@llx=\dimen119
\tc@lly=\dimen120
\tc@urx=\dimen121
\tc@ury=\dimen122
Package trimclip Info: Using driver 'tc-pdftex.def'.

(c:/Program Files (x86)/texlive/2014/texmf-dist/tex/latex/adjustbox/tc-pdftex.d
ef
File: tc-pdftex.def 2012/05/13 v1.0 Clipping driver for pdftex
))
\adjbox@Width=\dimen123
\adjbox@Height=\dimen124
\adjbox@Depth=\dimen125
\adjbox@Totalheight=\dimen126

(c:/Program Files (x86)/texlive/2014/texmf-dist/tex/latex/ifoddpage/ifoddpage.s
ty
Package: ifoddpage 2011/09/13 v1.0 Conditionals for odd/even page detection
\c@checkoddpage=\count86
)
(c:/Program Files (x86)/texlive/2014/texmf-dist/tex/latex/varwidth/varwidth.sty
Package: varwidth 2009/03/30 ver 0.92;  Variable-width minipages
\@vwid@box=\box27
\sift@deathcycles=\count87
\@vwid@loff=\dimen127
\@vwid@roff=\dimen128
)) (./table4_template.aux)
\openout1 = `table4_template.aux'.

LaTeX Font Info:    Checking defaults for OML/cmm/m/it on input line 5.
LaTeX Font Info:    ... okay on input line 5.
LaTeX Font Info:    Checking defaults for T1/cmr/m/n on input line 5.
LaTeX Font Info:    ... okay on input line 5.
LaTeX Font Info:    Checking defaults for OT1/cmr/m/n on input line 5.
LaTeX Font Info:    ... okay on input line 5.
LaTeX Font Info:    Checking defaults for OMS/cmsy/m/n on input line 5.
LaTeX Font Info:    ... okay on input line 5.
LaTeX Font Info:    Checking defaults for OMX/cmex/m/n on input line 5.
LaTeX Font Info:    ... okay on input line 5.
LaTeX Font Info:    Checking defaults for U/cmr/m/n on input line 5.
LaTeX Font Info:    ... okay on input line 5.

(c:/Program Files (x86)/texlive/2014/texmf-dist/tex/context/base/supp-pdf.mkii
[Loading MPS to PDF converter (version 2006.09.02).]
\scratchcounter=\count88
\scratchdimen=\dimen129
\scratchbox=\box28
\nofMPsegments=\count89
\nofMParguments=\count90
\everyMPshowfont=\toks16
\MPscratchCnt=\count91
\MPscratchDim=\dimen130
\MPnumerator=\count92
\makeMPintoPDFobject=\count93
\everyMPtoPDFconversion=\toks17
)
(c:/Program Files (x86)/texlive/2014/texmf-dist/tex/generic/oberdiek/pdftexcmds
.sty
Package: pdftexcmds 2011/11/29 v0.20 Utility functions of pdfTeX for LuaTeX (HO
)

(c:/Program Files (x86)/texlive/2014/texmf-dist/tex/generic/oberdiek/ifluatex.s
ty
Package: ifluatex 2010/03/01 v1.3 Provides the ifluatex switch (HO)
Package ifluatex Info: LuaTeX not detected.
)
(c:/Program Files (x86)/texlive/2014/texmf-dist/tex/generic/oberdiek/ifpdf.sty
Package: ifpdf 2011/01/30 v2.3 Provides the ifpdf switch (HO)
Package ifpdf Info: pdfTeX in PDF mode is detected.
)
Package pdftexcmds Info: LuaTeX not detected.
Package pdftexcmds Info: \pdf@primitive is available.
Package pdftexcmds Info: \pdf@ifprimitive is available.
Package pdftexcmds Info: \pdfdraftmode found.
)
(c:/Program Files (x86)/texlive/2014/texmf-dist/tex/latex/oberdiek/epstopdf-bas
e.sty
Package: epstopdf-base 2010/02/09 v2.5 Base part for package epstopdf

(c:/Program Files (x86)/texlive/2014/texmf-dist/tex/latex/oberdiek/grfext.sty
Package: grfext 2010/08/19 v1.1 Manage graphics extensions (HO)

(c:/Program Files (x86)/texlive/2014/texmf-dist/tex/generic/oberdiek/kvdefineke
ys.sty
Package: kvdefinekeys 2011/04/07 v1.3 Define keys (HO)
))
(c:/Program Files (x86)/texlive/2014/texmf-dist/tex/latex/oberdiek/kvoptions.st
y
Package: kvoptions 2011/06/30 v3.11 Key value format for package options (HO)

(c:/Program Files (x86)/texlive/2014/texmf-dist/tex/generic/oberdiek/kvsetkeys.
sty
Package: kvsetkeys 2012/04/25 v1.16 Key value parser (HO)

(c:/Program Files (x86)/texlive/2014/texmf-dist/tex/generic/oberdiek/etexcmds.s
ty
Package: etexcmds 2011/02/16 v1.5 Avoid name clashes with e-TeX commands (HO)
Package etexcmds Info: Could not find \expanded.
(etexcmds)             That can mean that you are not using pdfTeX 1.50 or
(etexcmds)             that some package has redefined \expanded.
(etexcmds)             In the latter case, load this package earlier.
)))
Package grfext Info: Graphics extension search list:
(grfext)             [.png,.pdf,.jpg,.mps,.jpeg,.jbig2,.jb2,.PNG,.PDF,.JPG,.JPE
G,.JBIG2,.JB2,.eps]
(grfext)             \AppendGraphicsExtensions on input line 452.

(c:/Program Files (x86)/texlive/2014/texmf-dist/tex/latex/latexconfig/epstopdf-
sys.cfg
File: epstopdf-sys.cfg 2010/07/13 v1.3 Configuration of (r)epstopdf for TeX Liv
e
)) (./table4b.tex
LaTeX Font Info:    External font `cmex10' loaded for size
(Font)              <10.95> on input line 1.
LaTeX Font Info:    External font `cmex10' loaded for size
(Font)              <8> on input line 1.
LaTeX Font Info:    External font `cmex10' loaded for size
(Font)              <6> on input line 1.
) [1

{c:/Program Files (x86)/texlive/2014/texmf-var/fonts/map/pdftex/updmap/pdftex.m
ap}] (./table4_template.aux) ) 
Here is how much of TeX's memory you used:
 2199 strings out of 493117
 34167 string characters out of 6130074
 122385 words of memory out of 5000000
 5637 multiletter control sequences out of 15000+600000
 7046 words of font info for 25 fonts, out of 8000000 for 9000
 1141 hyphenation exceptions out of 8191
 40i,10n,35p,326b,206s stack positions out of 5000i,500n,10000p,200000b,80000s
<c:/Program Files (x86)/texlive/2014/texmf-dist/f
onts/type1/public/amsfonts/cm/cmbxti10.pfb><c:/Program Files (x86)/texlive/2014
/texmf-dist/fonts/type1/public/amsfonts/cm/cmmi10.pfb><c:/Program Files (x86)/t
exlive/2014/texmf-dist/fonts/type1/public/amsfonts/cm/cmmi8.pfb><c:/Program Fil
es (x86)/texlive/2014/texmf-dist/fonts/type1/public/amsfonts/cm/cmr10.pfb><c:/P
rogram Files (x86)/texlive/2014/texmf-dist/fonts/type1/public/amsfonts/cm/cmr8.
pfb>
Output written on table4_template.pdf (1 page, 53141 bytes).
PDF statistics:
 28 PDF objects out of 1000 (max. 8388607)
 19 compressed objects within 1 object stream
 0 named destinations out of 1000 (max. 500000)
 1 words of extra memory for PDF output out of 10000 (max. 10000000)

